16:07:43.685 [TestNG-test=Test-2] DEBUG tests.LoginTest - browser got launched
16:07:55.970 [TestNG-test=Test-2] DEBUG tests.LoginTest - Navigated to application URL
16:08:04.666 [TestNG-test=Test-2] DEBUG tests.LoginTest - clicked on My Account dropdown
16:08:06.414 [TestNG-test=Test-2] DEBUG tests.LoginTest - Email address got entered
16:08:06.548 [TestNG-test=Test-2] DEBUG tests.LoginTest - Password got entered
16:08:07.350 [TestNG-test=Test-2] DEBUG tests.LoginTest - clicked on login button
16:08:07.727 [TestNG-test=Test-2] DEBUG tests.LoginTest - User got logged in
16:08:07.787 [TestNG-test=Test-2] INFO  tests.LoginTest - Login Test got passed
16:08:08.075 [TestNG-test=Test-2] DEBUG tests.LoginTest - Browser got closed
16:08:21.455 [TestNG-test=Test-2] DEBUG tests.LoginTest - browser got launched
16:08:24.282 [TestNG-test=Test-2] DEBUG tests.LoginTest - Navigated to application URL
16:08:24.740 [TestNG-test=Test-2] DEBUG tests.LoginTest - clicked on My Account dropdown
16:08:24.993 [TestNG-test=Test-2] DEBUG tests.LoginTest - Email address got entered
16:08:25.126 [TestNG-test=Test-2] DEBUG tests.LoginTest - Password got entered
16:08:25.459 [TestNG-test=Test-2] DEBUG tests.LoginTest - clicked on login button
16:08:35.612 [TestNG-test=Test-2] DEBUG tests.LoginTest - User not logged in
16:08:35.613 [TestNG-test=Test-2] INFO  tests.LoginTest - Login Test got passed
16:08:35.808 [TestNG-test=Test-2] DEBUG tests.LoginTest - Browser got closed
16:36:54.827 [TestNG-test=Test-2] DEBUG tests.LoginTest - browser got launched
16:37:11.407 [TestNG-test=Test-2] DEBUG tests.LoginTest - Navigated to application URL
16:37:17.971 [TestNG-test=Test-2] DEBUG tests.LoginTest - clicked on My Account dropdown
16:37:20.401 [TestNG-test=Test-2] DEBUG tests.LoginTest - Email address got entered
16:37:20.604 [TestNG-test=Test-2] DEBUG tests.LoginTest - Password got entered
16:37:21.671 [TestNG-test=Test-2] DEBUG tests.LoginTest - clicked on login button
16:37:22.620 [TestNG-test=Test-2] DEBUG tests.LoginTest - User got logged in
16:37:22.711 [TestNG-test=Test-2] INFO  tests.LoginTest - Login Test got passed
16:37:24.860 [TestNG-test=Test-2] DEBUG tests.LoginTest - Browser got closed
16:37:37.061 [TestNG-test=Test-2] DEBUG tests.LoginTest - browser got launched
16:37:40.123 [TestNG-test=Test-2] DEBUG tests.LoginTest - Navigated to application URL
16:37:40.612 [TestNG-test=Test-2] DEBUG tests.LoginTest - clicked on My Account dropdown
16:37:41.596 [TestNG-test=Test-2] DEBUG tests.LoginTest - Email address got entered
16:37:41.736 [TestNG-test=Test-2] DEBUG tests.LoginTest - Password got entered
16:37:42.055 [TestNG-test=Test-2] DEBUG tests.LoginTest - clicked on login button
16:37:52.129 [TestNG-test=Test-2] DEBUG tests.LoginTest - User not logged in
16:37:52.129 [TestNG-test=Test-2] INFO  tests.LoginTest - Login Test got passed
16:37:52.422 [TestNG-test=Test-2] DEBUG tests.LoginTest - Browser got closed
16:43:45.036 [TestNG-test=Test-2] DEBUG tests.LoginTest - browser got launched
16:43:54.278 [TestNG-test=Test-2] DEBUG tests.LoginTest - Navigated to application URL
16:44:04.652 [TestNG-test=Test-2] DEBUG tests.LoginTest - clicked on My Account dropdown
16:44:09.621 [TestNG-test=Test-2] DEBUG tests.LoginTest - Email address got entered
16:44:09.785 [TestNG-test=Test-2] DEBUG tests.LoginTest - Password got entered
16:44:10.491 [TestNG-test=Test-2] DEBUG tests.LoginTest - clicked on login button
16:44:11.375 [TestNG-test=Test-2] DEBUG tests.LoginTest - User got logged in
16:44:11.425 [TestNG-test=Test-2] INFO  tests.LoginTest - Login Test got passed
16:44:12.184 [TestNG-test=Test-2] DEBUG tests.LoginTest - Browser got closed
16:44:19.803 [TestNG-test=Test-2] DEBUG tests.LoginTest - browser got launched
16:44:24.261 [TestNG-test=Test-2] DEBUG tests.LoginTest - Navigated to application URL
16:44:24.752 [TestNG-test=Test-2] DEBUG tests.LoginTest - clicked on My Account dropdown
16:44:24.986 [TestNG-test=Test-2] DEBUG tests.LoginTest - Email address got entered
16:44:25.081 [TestNG-test=Test-2] DEBUG tests.LoginTest - Password got entered
16:44:25.500 [TestNG-test=Test-2] DEBUG tests.LoginTest - clicked on login button
16:44:35.610 [TestNG-test=Test-2] DEBUG tests.LoginTest - User not logged in
16:44:35.610 [TestNG-test=Test-2] INFO  tests.LoginTest - Login Test got passed
16:44:35.894 [TestNG-test=Test-2] DEBUG tests.LoginTest - Browser got closed
