12:23:26.521 [main] DEBUG tests.LoginTest - browser got launched
12:23:28.952 [main] DEBUG tests.LoginTest - Navigated to application URL
12:23:29.541 [main] DEBUG tests.LoginTest - clicked on My Account dropdown
12:23:29.795 [main] DEBUG tests.LoginTest - Email address got entered
12:23:29.918 [main] DEBUG tests.LoginTest - Password got entered
12:23:30.430 [main] DEBUG tests.LoginTest - clicked on login button
12:23:30.571 [main] DEBUG tests.LoginTest - User got logged in
12:23:30.574 [main] INFO  tests.LoginTest - Login Test got passed
12:23:30.832 [main] DEBUG tests.LoginTest - Browser got closed
12:23:33.137 [main] DEBUG tests.LoginTest - browser got launched
12:23:35.823 [main] DEBUG tests.LoginTest - Navigated to application URL
12:23:36.316 [main] DEBUG tests.LoginTest - clicked on My Account dropdown
12:23:36.530 [main] DEBUG tests.LoginTest - Email address got entered
12:23:36.678 [main] DEBUG tests.LoginTest - Password got entered
12:23:37.063 [main] DEBUG tests.LoginTest - clicked on login button
12:23:47.109 [main] DEBUG tests.LoginTest - User not logged in
12:23:47.109 [main] INFO  tests.LoginTest - Login Test got passed
12:23:47.357 [main] DEBUG tests.LoginTest - Browser got closed
12:44:44.073 [main] DEBUG tests.LoginTest - browser got launched
12:44:48.256 [main] DEBUG tests.LoginTest - Navigated to application URL
12:44:50.209 [main] DEBUG tests.LoginTest - clicked on My Account dropdown
12:44:51.474 [main] DEBUG tests.LoginTest - Email address got entered
12:44:51.638 [main] DEBUG tests.LoginTest - Password got entered
12:44:52.574 [main] DEBUG tests.LoginTest - clicked on login button
12:44:52.823 [main] DEBUG tests.LoginTest - User got logged in
12:44:52.839 [main] INFO  tests.LoginTest - Login Test got passed
12:44:53.178 [main] DEBUG tests.LoginTest - Browser got closed
12:45:07.473 [main] DEBUG tests.LoginTest - browser got launched
12:45:11.254 [main] DEBUG tests.LoginTest - Navigated to application URL
12:45:14.452 [main] DEBUG tests.LoginTest - clicked on My Account dropdown
12:45:15.996 [main] DEBUG tests.LoginTest - Email address got entered
12:45:16.208 [main] DEBUG tests.LoginTest - Password got entered
12:45:17.077 [main] DEBUG tests.LoginTest - clicked on login button
12:45:27.297 [main] DEBUG tests.LoginTest - User not logged in
12:45:27.298 [main] INFO  tests.LoginTest - Login Test got passed
12:45:27.565 [main] DEBUG tests.LoginTest - Browser got closed
12:53:19.187 [TestNG-tests-1] DEBUG tests.LoginTest - browser got launched
12:53:22.630 [TestNG-tests-1] DEBUG tests.LoginTest - Navigated to application URL
12:53:24.132 [TestNG-tests-1] DEBUG tests.LoginTest - clicked on My Account dropdown
12:53:24.491 [TestNG-tests-1] DEBUG tests.LoginTest - Email address got entered
12:53:24.663 [TestNG-tests-1] DEBUG tests.LoginTest - Password got entered
12:53:25.426 [TestNG-tests-1] DEBUG tests.LoginTest - clicked on login button
12:53:25.946 [TestNG-tests-1] DEBUG tests.LoginTest - User got logged in
12:53:25.966 [TestNG-tests-1] INFO  tests.LoginTest - Login Test got passed
12:53:26.602 [TestNG-tests-1] DEBUG tests.LoginTest - Browser got closed
12:53:36.048 [TestNG-tests-1] DEBUG tests.LoginTest - browser got launched
12:53:39.641 [TestNG-tests-1] DEBUG tests.LoginTest - Navigated to application URL
12:53:40.202 [TestNG-tests-1] DEBUG tests.LoginTest - clicked on My Account dropdown
12:53:40.450 [TestNG-tests-1] DEBUG tests.LoginTest - Email address got entered
12:58:58.268 [main] DEBUG tests.LoginTest - browser got launched
12:59:01.957 [main] DEBUG tests.LoginTest - Navigated to application URL
12:59:03.299 [main] DEBUG tests.LoginTest - clicked on My Account dropdown
12:59:03.537 [main] DEBUG tests.LoginTest - Email address got entered
12:59:03.677 [main] DEBUG tests.LoginTest - Password got entered
12:59:04.523 [main] DEBUG tests.LoginTest - clicked on login button
12:59:04.882 [main] DEBUG tests.LoginTest - User got logged in
12:59:04.901 [main] INFO  tests.LoginTest - Login Test got passed
12:59:05.108 [main] DEBUG tests.LoginTest - Browser got closed
12:59:10.329 [main] DEBUG tests.LoginTest - browser got launched
12:59:13.775 [main] DEBUG tests.LoginTest - Navigated to application URL
12:59:14.359 [main] DEBUG tests.LoginTest - clicked on My Account dropdown
12:59:15.058 [main] DEBUG tests.LoginTest - Email address got entered
12:59:15.221 [main] DEBUG tests.LoginTest - Password got entered
12:59:15.832 [main] DEBUG tests.LoginTest - clicked on login button
12:59:25.976 [main] DEBUG tests.LoginTest - User not logged in
12:59:25.977 [main] INFO  tests.LoginTest - Login Test got passed
12:59:26.245 [main] DEBUG tests.LoginTest - Browser got closed
13:01:17.341 [TestNG-tests-4] DEBUG tests.LoginTest - browser got launched
13:01:31.326 [TestNG-tests-4] DEBUG tests.LoginTest - Navigated to application URL
13:01:38.059 [TestNG-tests-4] DEBUG tests.LoginTest - clicked on My Account dropdown
13:01:39.818 [TestNG-tests-4] DEBUG tests.LoginTest - Email address got entered
13:01:40.094 [TestNG-tests-4] DEBUG tests.LoginTest - Password got entered
13:01:41.173 [TestNG-tests-4] DEBUG tests.LoginTest - clicked on login button
13:01:41.761 [TestNG-tests-4] DEBUG tests.LoginTest - User got logged in
13:01:41.776 [TestNG-tests-4] INFO  tests.LoginTest - Login Test got passed
13:01:42.176 [TestNG-tests-4] DEBUG tests.LoginTest - Browser got closed
13:01:54.309 [TestNG-tests-4] DEBUG tests.LoginTest - browser got launched
13:01:58.314 [TestNG-tests-4] DEBUG tests.LoginTest - Navigated to application URL
13:01:58.810 [TestNG-tests-4] DEBUG tests.LoginTest - clicked on My Account dropdown
13:02:02.386 [TestNG-tests-4] DEBUG tests.LoginTest - Email address got entered
13:02:02.530 [TestNG-tests-4] DEBUG tests.LoginTest - Password got entered
13:02:02.967 [TestNG-tests-4] DEBUG tests.LoginTest - clicked on login button
13:02:13.051 [TestNG-tests-4] DEBUG tests.LoginTest - User not logged in
13:02:13.051 [TestNG-tests-4] INFO  tests.LoginTest - Login Test got passed
13:02:13.501 [TestNG-tests-4] DEBUG tests.LoginTest - Browser got closed
13:06:15.107 [TestNG-tests-1] DEBUG tests.LoginTest - browser got launched
13:06:18.058 [TestNG-tests-1] DEBUG tests.LoginTest - Navigated to application URL
13:06:18.697 [TestNG-tests-1] DEBUG tests.LoginTest - clicked on My Account dropdown
13:06:19.441 [TestNG-tests-1] DEBUG tests.LoginTest - Email address got entered
13:13:00.821 [TestNG-test=Test4-1] DEBUG tests.LoginTest - browser got launched
13:13:04.876 [TestNG-test=Test4-1] DEBUG tests.LoginTest - Navigated to application URL
13:13:05.724 [TestNG-test=Test4-1] DEBUG tests.LoginTest - clicked on My Account dropdown
13:13:06.903 [TestNG-test=Test4-1] DEBUG tests.LoginTest - Email address got entered
13:13:07.152 [TestNG-test=Test4-1] DEBUG tests.LoginTest - Password got entered
13:13:08.250 [TestNG-test=Test4-1] DEBUG tests.LoginTest - clicked on login button
13:13:08.644 [TestNG-test=Test4-1] DEBUG tests.LoginTest - User got logged in
13:13:08.693 [TestNG-test=Test4-1] INFO  tests.LoginTest - Login Test got passed
13:13:09.011 [TestNG-test=Test4-1] DEBUG tests.LoginTest - Browser got closed
13:13:13.363 [TestNG-test=Test4-1] DEBUG tests.LoginTest - browser got launched
13:13:14.657 [TestNG-test=Test4-1] DEBUG tests.LoginTest - Navigated to application URL
23:54:37.240 [TestNG-test=Test-2] DEBUG tests.LoginTest - browser got launched
23:54:56.483 [TestNG-test=Test-2] DEBUG tests.LoginTest - Navigated to application URL
23:55:09.771 [TestNG-test=Test-2] DEBUG tests.LoginTest - clicked on My Account dropdown
23:55:17.755 [TestNG-test=Test-2] DEBUG tests.LoginTest - Email address got entered
23:55:18.127 [TestNG-test=Test-2] DEBUG tests.LoginTest - Password got entered
23:55:19.629 [TestNG-test=Test-2] DEBUG tests.LoginTest - clicked on login button
23:55:20.166 [TestNG-test=Test-2] DEBUG tests.LoginTest - User got logged in
23:55:20.167 [TestNG-test=Test-2] INFO  tests.LoginTest - Login Test got passed
23:55:29.430 [TestNG-test=Test-2] DEBUG tests.LoginTest - Browser got closed
23:55:45.527 [TestNG-test=Test-2] DEBUG tests.LoginTest - browser got launched
23:55:55.786 [TestNG-test=Test-2] DEBUG tests.LoginTest - Navigated to application URL
23:55:56.393 [TestNG-test=Test-2] DEBUG tests.LoginTest - clicked on My Account dropdown
23:56:00.386 [TestNG-test=Test-2] DEBUG tests.LoginTest - Email address got entered
23:56:00.562 [TestNG-test=Test-2] DEBUG tests.LoginTest - Password got entered
23:56:01.618 [TestNG-test=Test-2] DEBUG tests.LoginTest - clicked on login button
23:56:09.555 [TestNG-test=Test-2] DEBUG tests.LoginTest - User not logged in
23:56:09.556 [TestNG-test=Test-2] INFO  tests.LoginTest - Login Test got passed
15:50:19.821 [main] DEBUG tests.LoginTest - browser got launched
15:50:24.138 [main] DEBUG tests.LoginTest - Navigated to application URL
15:50:25.898 [main] DEBUG tests.LoginTest - clicked on My Account dropdown
15:50:26.407 [main] DEBUG tests.LoginTest - Email address got entered
15:50:26.579 [main] DEBUG tests.LoginTest - Password got entered
15:50:27.108 [main] DEBUG tests.LoginTest - clicked on login button
15:50:27.463 [main] DEBUG tests.LoginTest - User got logged in
15:50:27.584 [main] INFO  tests.LoginTest - Login Test got passed
15:50:28.059 [main] DEBUG tests.LoginTest - Browser got closed
15:50:31.606 [main] DEBUG tests.LoginTest - browser got launched
15:50:34.472 [main] DEBUG tests.LoginTest - Navigated to application URL
15:50:35.033 [main] DEBUG tests.LoginTest - clicked on My Account dropdown
15:50:35.343 [main] DEBUG tests.LoginTest - Email address got entered
15:50:35.498 [main] DEBUG tests.LoginTest - Password got entered
15:50:35.900 [main] DEBUG tests.LoginTest - clicked on login button
15:50:46.034 [main] DEBUG tests.LoginTest - User not logged in
15:50:46.034 [main] INFO  tests.LoginTest - Login Test got passed
15:50:46.257 [main] DEBUG tests.LoginTest - Browser got closed
